"../../../../Workspace/Unreal Projects/ProjectRUN/Content/Assets/Audio/SFX/SFXgameover.uasset" 0
"../../../../Workspace/Unreal Projects/ProjectRUN/Content/Assets/Audio/SFX/SFX_AH.uasset" 1
"../../../../Workspace/Unreal Projects/ProjectRUN/Content/Assets/Audio/SFX/SFX_aw.uasset" 2
"../../../../Workspace/Unreal Projects/ProjectRUN/Content/Assets/Audio/SFX/SFX_gameover2.uasset" 3
"../../../../Workspace/Unreal Projects/ProjectRUN/Content/Assets/Audio/SFX/SFX_singleFootstep.uasset" 4
"../../../../Workspace/Unreal Projects/ProjectRUN/Content/Assets/Character/Mesh/SK_Mannequin_Arms_Skeleton.uasset" 5
"../../../../Workspace/Unreal Projects/ProjectRUN/Content/Assets/Animations/FirstPerson_Idle.uasset" 6
"../../../../Workspace/Unreal Projects/ProjectRUN/Content/Assets/Animations/FirstPerson_JumpEnd.uasset" 7
"../../../../Workspace/Unreal Projects/ProjectRUN/Content/Assets/Animations/FirstPerson_JumpLoop.uasset" 8
"../../../../Workspace/Unreal Projects/ProjectRUN/Content/Assets/Animations/FirstPerson_JumpStart.uasset" 9
"../../../../Workspace/Unreal Projects/ProjectRUN/Content/Assets/Animations/FirstPerson_Run.uasset" 10
"../../../Engine/Content/EditorBlueprintResources/StandardMacros.uasset" 11
"../../../../Workspace/Unreal Projects/ProjectRUN/Content/Assets/Animations/FirstPerson_AnimBP.uasset" 12
"../../../../Workspace/Unreal Projects/ProjectRUN/Content/Assets/Character/Mesh/Default__FirstPersonAnimBlueprint_Copy_C.uasset" 13
"../../../../Workspace/Unreal Projects/ProjectRUN/Content/Assets/Character/Mesh/FirstPersonAnimBlueprint_Copy.uasset" 14
"../../../../Workspace/Unreal Projects/ProjectRUN/Content/Assets/Character/Mesh/FirstPersonAnimBlueprint_Copy_C.uasset" 15
"../../../../Workspace/Unreal Projects/ProjectRUN/Content/Assets/Character/Textures/UE4_LOGO_CARD.uasset" 16
"../../../../Workspace/Unreal Projects/ProjectRUN/Content/Assets/FPWeapon/Materials/MaterialLayers/ML_Plastic_Shiny_Beige_LOGO.uasset" 17
"../../../../Workspace/Unreal Projects/ProjectRUN/Content/Assets/FPWeapon/Materials/MaterialLayers/T_ML_FineRubber.uasset" 18
"../../../../Workspace/Unreal Projects/ProjectRUN/Content/Assets/FPWeapon/Mesh/SK_FPGun_PhysicsAsset.uasset" 19
"../../../../Workspace/Unreal Projects/ProjectRUN/Content/Assets/Geometry/Meshes/CubeMaterial.uasset" 20
"../../../../Workspace/Unreal Projects/ProjectRUN/Content/Assets/Geometry/Meshes/1M_Cube_Chamfer.uasset" 21
"../../../../Workspace/Unreal Projects/ProjectRUN/Content/Assets/Geometry/Meshes/TemplateFloor.uasset" 22
"../../../../Workspace/Unreal Projects/ProjectRUN/Content/Assets/Imported/Images/20200106_125047.uasset" 23
"../../../../Workspace/Unreal Projects/ProjectRUN/Content/Assets/Imported/Images/image0.uasset" 24
"../../../../Workspace/Unreal Projects/ProjectRUN/Content/Assets/Imported/Images/unknown__1_.uasset" 25
"../../../../Workspace/Unreal Projects/ProjectRUN/Content/Assets/Imported/Images/Untitled.uasset" 26
"../../../../Workspace/Unreal Projects/ProjectRUN/Content/Assets/Imported/Objects/Material_001.uasset" 27
"../../../Engine/Content/Functions/Engine_MaterialFunctions02/Utility/DynamicBranch.uasset" 28
"../../../../Workspace/Unreal Projects/ProjectRUN/Content/Assets/Materials/MAT_BaseColorParent.uasset" 29
"../../../../Workspace/Unreal Projects/ProjectRUN/Content/Assets/Materials/asfugdsiuf.uasset" 30
"../../../../Workspace/Unreal Projects/ProjectRUN/Content/Assets/Materials/MAT_EmissiveOutline.uasset" 31
"../../../../Workspace/Unreal Projects/ProjectRUN/Content/Assets/Materials/TestLevel/SimpleWood.uasset" 32
"../../../../Workspace/Unreal Projects/ProjectRUN/Content/Assets/Materials/TestLevel/SimpleWood_Mat.uasset" 33
"../../../Engine/Content/Functions/Engine_MaterialFunctions01/Opacity/CameraDepthFade.uasset" 34
"../../../Engine/Content/EngineMaterials/T_Default_Material_Grid_M.uasset" 35
"../../../Engine/Content/EngineMaterials/T_Default_Material_Grid_N.uasset" 36
"../../../Engine/Content/EngineMaterials/WorldGridMaterial.uasset" 37
"../../../../Workspace/Unreal Projects/ProjectRUN/Content/Assets/Models/Box_Brush_StaticMesh.uasset" 38
"../../../../Workspace/Unreal Projects/ProjectRUN/Content/Assets/Materials/MAT_Blue.uasset" 39
"../../../../Workspace/Unreal Projects/ProjectRUN/Content/Assets/Materials/MAT_BlueDark.uasset" 40
"../../../../Workspace/Unreal Projects/ProjectRUN/Content/Assets/Models/GEO_BarStand.uasset" 41
"../../../Engine/Content/BasicShapes/BasicShapeMaterial.uasset" 42
"../../../../Workspace/Unreal Projects/ProjectRUN/Content/Assets/Models/SM_BasicPlatform.uasset" 43
"../../../../Workspace/Unreal Projects/ProjectRUN/Content/Assets/Models/BarCarcas/Material_003.uasset" 44
"../../../../Workspace/Unreal Projects/ProjectRUN/Content/Assets/Models/BarCarcas/FloorTemplate_Cube_003.uasset" 45
"../../../../Workspace/Unreal Projects/ProjectRUN/Content/Assets/Models/Barrel/Material_003.uasset" 46
"../../../../Workspace/Unreal Projects/ProjectRUN/Content/Assets/Models/Barrel/Material_004.uasset" 47
"../../../../Workspace/Unreal Projects/ProjectRUN/Content/Assets/Models/BarUnderground/Material.uasset" 48
"../../../../Workspace/Unreal Projects/ProjectRUN/Content/Assets/Models/BarUnderground/CaveTemplateMapUV_Cube.uasset" 49
"../../../../Workspace/Unreal Projects/ProjectRUN/Content/Assets/Models/BarUnderground/Material_008.uasset" 50
"../../../../Workspace/Unreal Projects/ProjectRUN/Content/Assets/Models/BarUnderground/CaveTemplateMapUV_Cube_005.uasset" 51
"../../../../Workspace/Unreal Projects/ProjectRUN/Content/Assets/Models/BarUnderground/Material_009.uasset" 52
"../../../../Workspace/Unreal Projects/ProjectRUN/Content/Assets/Models/BarUnderground/CaveTemplateMapUV_Cube_006.uasset" 53
"../../../../Workspace/Unreal Projects/ProjectRUN/Content/Assets/Materials/MAT_Green.uasset" 54
"../../../../Workspace/Unreal Projects/ProjectRUN/Content/Assets/Models/Chair/Chair.uasset" 55
"../../../../Workspace/Unreal Projects/ProjectRUN/Content/Assets/Models/Chair/MAT_Green.uasset" 56
"../../../../Workspace/Unreal Projects/ProjectRUN/Content/Assets/Models/Table/MAT_Green.uasset" 57
"../../../../Workspace/Unreal Projects/ProjectRUN/Content/Assets/Textures/T_BeerLogo.uasset" 58
"../../../../Workspace/Unreal Projects/ProjectRUN/Content/Assets/Meshes/BaseMaterial.uasset" 59
"../../../../Workspace/Unreal Projects/ProjectRUN/Content/Assets/Meshes/CubeMaterialOverride.uasset" 60
"../../../../Workspace/Unreal Projects/ProjectRUN/Content/FirstPerson/Meshes/CubeMaterialOverride.uasset" 61
"../../../../Workspace/Unreal Projects/ProjectRUN/Content/LogicAndObjects/FirstPersonOverview.uasset" 62
"../../../../Workspace/Unreal Projects/ProjectRUN/Content/Assets/Animations/FirstPerson_Fire.uasset" 63
"../../../../Workspace/Unreal Projects/ProjectRUN/Content/Assets/Animations/FirstPersonFire_Montage.uasset" 64
"../../../../Workspace/Unreal Projects/ProjectRUN/Content/Assets/Meshes/FirstPersonProjectileMaterial.uasset" 65
"../../../../Workspace/Unreal Projects/ProjectRUN/Content/Assets/Meshes/FirstPersonProjectileMesh.uasset" 66
"../../../../Workspace/Unreal Projects/ProjectRUN/Content/LogicAndObjects/Blueprints/FirstPersonProjectile.uasset" 67
"../../../../Workspace/Unreal Projects/ProjectRUN/Content/LogicAndObjects/Blueprints/Interfaces/BPI_Interactions.uasset" 68
"../../../../Workspace/Unreal Projects/ProjectRUN/Content/LogicAndObjects/Blueprints/TestWorldObjects/BPC_GrabbableActorComponent.uasset" 69
"../../../../Workspace/Unreal Projects/ProjectRUN/Content/Assets/Audio/SFX/SFX_woodHit.uasset" 70
"../../../../Workspace/Unreal Projects/ProjectRUN/Content/LogicAndObjects/Blueprints/TestWorldObjects/BP_Grabbable.uasset" 71
"../../../../Workspace/Unreal Projects/ProjectRUN/Content/Assets/Materials/Character/Character_Mat1.uasset" 72
"../../../../Workspace/Unreal Projects/ProjectRUN/Content/Assets/Audio/FirstPersonTemplateWeaponFire02.uasset" 73
"../../../../Workspace/Unreal Projects/ProjectRUN/Content/Assets/Audio/RUNCharacterSoundAttenuation.uasset" 74
"../../../../Workspace/Unreal Projects/ProjectRUN/Content/Assets/Audio/SFX/SFX_jump.uasset" 75
"../../../../Workspace/Unreal Projects/ProjectRUN/Content/Assets/Audio/SFX/SFX_throw.uasset" 76
"../../../../Workspace/Unreal Projects/ProjectRUN/Content/Assets/Meshes/chracater.uasset" 77
"../../../../Workspace/Unreal Projects/ProjectRUN/Content/LogicAndObjects/Blueprints/Widgets/georgian-college-accelerator-icon.uasset" 78
"../../../../Workspace/Unreal Projects/ProjectRUN/Content/LogicAndObjects/Blueprints/Widgets/BPW_SteveWidget.uasset" 79
"../../../../Workspace/Unreal Projects/ProjectRUN/Content/LogicAndObjects/Blueprints/Character/BP_RUNCharacter.uasset" 80
"../../../../Workspace/Unreal Projects/ProjectRUN/Content/LogicAndObjects/Blueprints/TestWorldObjects/LevelSetup/ENUM_LevelTypes.uasset" 81
"../../../../Workspace/Unreal Projects/ProjectRUN/Content/LogicAndObjects/Blueprints/TestWorldObjects/LevelSetup/STRUCT_RoomData.uasset" 82
"../../../../Workspace/Unreal Projects/ProjectRUN/Content/LogicAndObjects/Blueprints/TestWorldObjects/LevelSetup/STRUCT_MapGenRow.uasset" 83
"../../../../Workspace/Unreal Projects/ProjectRUN/Content/LogicAndObjects/Blueprints/TestWorldObjects/LevelSetup/DT_MapGenTable.uasset" 84
"../../../../Workspace/Unreal Projects/ProjectRUN/Content/LogicAndObjects/Blueprints/TestWorldObjects/LevelSetup/ENUM_CurrentMapDirection.uasset" 85
"../../../../Workspace/Unreal Projects/ProjectRUN/Content/LogicAndObjects/Blueprints/TestWorldObjects/LevelSetup/BP_MapController.uasset" 86
"../../../../Workspace/Unreal Projects/ProjectRUN/Content/Assets/Materials/MAT_EmissiveParent.uasset" 87
"../../../../Workspace/Unreal Projects/ProjectRUN/Content/Assets/Materials/MAT_GlowRed.uasset" 88
"../../../Engine/Content/BasicShapes/Cube.uasset" 89
"../../../../Workspace/Unreal Projects/ProjectRUN/Content/LogicAndObjects/Blueprints/TestWorldObjects/LevelTransition/BP_Elevator.uasset" 90
"../../../../Workspace/Unreal Projects/ProjectRUN/Content/LogicAndObjects/Blueprints/TestWorldObjects/LevelTransition/BP_ElevatorSpawner.uasset" 91
"../../../../Workspace/Unreal Projects/ProjectRUN/Content/LogicAndObjects/Blueprints/Global/BP_RUNState.uasset" 92
"../../../../Workspace/Unreal Projects/ProjectRUN/Content/LogicAndObjects/Blueprints/_MANAGEMENT/ML_MacroLibrary.uasset" 93
"../../../../Workspace/Unreal Projects/ProjectRUN/Content/LogicAndObjects/Blueprints/CameraSystem/CameraTextureTargets/MAT_CameraRender2D.uasset" 94
"../../../../Workspace/Unreal Projects/ProjectRUN/Content/LogicAndObjects/Blueprints/CameraSystem/MAT_ParentCameraMaterial.uasset" 95
"../../../../Workspace/Unreal Projects/ProjectRUN/Content/Assets/Audio/SFX/SFX_achievement.uasset" 96
"../../Plugins/2D/Paper2D/Content/PlaceholderTextures/DummySpriteTexture.uasset" 97
"../../Plugins/2D/Paper2D/Content/DummySpriteTexture.uasset" 98
"../../Plugins/2D/Paper2D/Content/DefaultSpriteMaterial.uasset" 99
"../../Plugins/2D/Paper2D/Content/TranslucentUnlitSpriteMaterial.uasset" 100
"../../../../Workspace/Unreal Projects/ProjectRUN/Content/Assets/Textures/T_BeerLogo_Sprite.uasset" 101
"../../../../Workspace/Unreal Projects/ProjectRUN/Content/LogicAndObjects/Blueprints/TestWorldObjects/LVL_Bar/BP_BeerCounter.uasset" 102
"../../../../Workspace/Unreal Projects/ProjectRUN/Content/LogicAndObjects/Blueprints/CameraSystem/BP_BeerCounter.uasset" 103
"../../../../Workspace/Unreal Projects/ProjectRUN/Content/LogicAndObjects/Blueprints/CameraSystem/MAT_CameraRender2D.uasset" 104
"../../../../Workspace/Unreal Projects/ProjectRUN/Content/LogicAndObjects/Blueprints/Character/chracater.uasset" 105
"../../../../Workspace/Unreal Projects/ProjectRUN/Content/LogicAndObjects/Blueprints/Global/BP_RUNGameState.uasset" 106
"../../../../Workspace/Unreal Projects/ProjectRUN/Content/LogicAndObjects/Blueprints/TestWorldObjects/LevelSetup/BP_MapGenerator.uasset" 107
"../../../../Workspace/Unreal Projects/ProjectRUN/Content/LogicAndObjects/Blueprints/TestWorldObjects/LVL_Bar/BP_SimpleRotatingDoor.uasset" 108
"../../../../Workspace/Unreal Projects/ProjectRUN/Content/LogicAndObjects/Blueprints/TestWorldObjects/LVL_Bar/BP_Door.uasset" 109
"../../../../Workspace/Unreal Projects/ProjectRUN/Content/LogicAndObjects/Blueprints/_MANAGEMENT/ENUM_Tags.uasset" 110
"../../../../Workspace/Unreal Projects/ProjectRUN/Content/LogicAndObjects/Blueprints/_MANAGEMENT/STRUCT_Task.uasset" 111
"../../../../Workspace/Unreal Projects/ProjectRUN/Content/LogicAndObjects/Blueprints/_MANAGEMENT/DT_Tasks.uasset" 112
"../../../../Workspace/Unreal Projects/ProjectRUN/Content/LogicAndObjects/Levels/FirstPersonExampleMap.uasset" 113
"../../../../Workspace/Unreal Projects/ProjectRUN/Content/LogicAndObjects/Levels/Online_BuiltData.uasset" 114
"../../../../Workspace/Unreal Projects/ProjectRUN/Content/LogicAndObjects/Levels/FirstPersonExampleMap_BuiltData.uasset" 115
"../../../../Workspace/Unreal Projects/ProjectRUN/Content/LogicAndObjects/Levels/LevelSketches/LVL_Bar.uasset" 116
"../../../Engine/Content/Animation/DefaultAnimCurveCompressionSettings.uasset" 117
"../../../Engine/Content/ArtTools/RenderToTexture/Meshes/S_1_Unit_Plane.uasset" 118
"../../../Engine/Content/EngineMaterials/DefaultMaterial.uasset" 119
"../../../Engine/Content/BasicShapes/Cone.uasset" 120
"../../../Engine/Content/BasicShapes/Cylinder.uasset" 121
"../../../Engine/Content/BasicShapes/Plane.uasset" 122
"../../../Engine/Content/BasicShapes/Sphere.uasset" 123
"../../../Engine/Content/EditorLandscapeResources/DataLayer.uasset" 124
"../../../Engine/Content/EditorMaterials/MAT_Groups_Toggle.uasset" 125
"../../../Engine/Content/EditorMaterials/MAT_Groups_Visibility.uasset" 126
"../../../Engine/Content/EditorMaterials/PreviewShadowIndicator.uasset" 127
"../../../Engine/Content/EditorMaterials/PreviewShadowIndicatorMaterial.uasset" 128
"../../../Engine/Content/EditorMaterials/MatineeGroups/MAT_ColorTrack.uasset" 129
"../../../Engine/Content/EditorMaterials/MatineeGroups/MAT_Groups_Anim.uasset" 130
"../../../Engine/Content/EditorMaterials/MatineeGroups/MAT_Groups_AudioMaster.uasset" 131
"../../../Engine/Content/EditorMaterials/MatineeGroups/MAT_Groups_Director.uasset" 132
"../../../Engine/Content/EditorMaterials/MatineeGroups/MAT_Groups_Event.uasset" 133
"../../../Engine/Content/EditorMaterials/MatineeGroups/MAT_Groups_Fade.uasset" 134
"../../../Engine/Content/EditorMaterials/MatineeGroups/MAT_Groups_Float.uasset" 135
"../../../Engine/Content/EditorMaterials/MatineeGroups/MAT_Groups_Move.uasset" 136
"../../../Engine/Content/EditorMaterials/MatineeGroups/MAT_Groups_Slomo.uasset" 137
"../../../Engine/Content/EditorMaterials/MatineeGroups/MAT_Groups_Sound.uasset" 138
"../../../Engine/Content/EditorMaterials/MatineeGroups/MAT_Groups_Vector.uasset" 139
"../../../Engine/Content/EditorMaterials/ParticleSystems/PSysThumbnail_NoImage.uasset" 140
"../../../Engine/Content/EditorMaterials/ParticleSystems/PSysThumbnail_OOD.uasset" 141
"../../../Engine/Content/EditorMaterials/Camera/CineMat.uasset" 142
"../../../Engine/Content/EditorMaterials/Camera/MI_CineMat_Rig.uasset" 143
"../../../Engine/Content/EditorMeshes/Camera/SM_CraneRig_Arm.uasset" 144
"../../../Engine/Content/EditorMeshes/Camera/SM_CraneRig_Base.uasset" 145
"../../../Engine/Content/EditorMeshes/Camera/SM_CraneRig_Body.uasset" 146
"../../../Engine/Content/EditorMeshes/Camera/SM_CraneRig_Mount.uasset" 147
"../../../Engine/Content/EditorMeshes/Camera/SM_RailRig_Mount.uasset" 148
"../../../Engine/Content/EditorMeshes/Camera/SM_RailRig_Track.uasset" 149
"../../../Engine/Content/EditorResources/BSPVertex.uasset" 150
"../../../Engine/Content/EditorResources/EmptyActor.uasset" 151
"../../../Engine/Content/EditorResources/S_Actor.uasset" 152
"../../../Engine/Content/EditorResources/S_Note.uasset" 153
"../../../Engine/Content/EditorResources/S_Solver.uasset" 154
"../../../Engine/Content/EditorResources/S_Trigger.uasset" 155
"../../../Engine/Content/EditorResources/AudioIcons/S_AudioComponent.uasset" 156
"../../../Engine/Content/EditorResources/AudioIcons/S_AudioComponent_AutoActivate.uasset" 157
"../../../Engine/Content/EditorResources/LightIcons/S_LightError.uasset" 158
"../../../Engine/Content/EditorResources/SequenceRecorder/Countdown.uasset" 159
"../../../Engine/Content/EditorResources/SequenceRecorder/RecordingIndicator.uasset" 160
"../../../Engine/Content/EditorSounds/Notifications/CompileFailed.uasset" 161
"../../../Engine/Content/EditorSounds/Notifications/CompileFailed_Cue.uasset" 162
"../../../Engine/Content/EditorSounds/Notifications/CompileSuccess.uasset" 163
"../../../Engine/Content/EditorSounds/Notifications/CompileStart_Cue.uasset" 164
"../../../Engine/Content/EditorSounds/Notifications/CompileSuccess_Cue.uasset" 165
"../../../Engine/Content/EngineDamageTypes/DmgTypeBP_Environmental.uasset" 166
"../../../Engine/Content/EngineDebugMaterials/DebugEditorMaterial.uasset" 167
"../../../Engine/Content/EngineDebugMaterials/DebugMeshMaterial.uasset" 168
"../../../Engine/Content/EngineDebugMaterials/M_SimpleTranslucent.uasset" 169
"../../../Engine/Content/Functions/Engine_MaterialFunctions02/Utility/CameraDirectionVector.uasset" 170
"../../../Engine/Content/EngineDebugMaterials/VolumeToRender.uasset" 171
"../../../Engine/Content/EngineDebugMaterials/M_VolumeRenderSphereTracePP.uasset" 172
"../../../Engine/Content/EngineDebugMaterials/WireframeMaterial.uasset" 173
"../../../Engine/Content/EngineFonts/Faces/DroidSansFallback.uasset" 174
"../../../Engine/Content/EngineFonts/Faces/RobotoBold.uasset" 175
"../../../Engine/Content/EngineFonts/Faces/RobotoBoldItalic.uasset" 176
"../../../Engine/Content/EngineFonts/Faces/RobotoItalic.uasset" 177
"../../../Engine/Content/EngineFonts/Faces/RobotoLight.uasset" 178
"../../../Engine/Content/EngineFonts/Faces/RobotoRegular.uasset" 179
"../../../Engine/Content/EngineFonts/Roboto.uasset" 180
"../../../Engine/Content/EngineMaterials/BaseFlattenDiffuseMap.uasset" 181
"../../../Engine/Content/EngineMaterials/BaseFlattenEmissiveMap.uasset" 182
"../../../Engine/Content/EngineMaterials/BaseFlattenGrayscaleMap.uasset" 183
"../../../Engine/Content/EngineMaterials/BaseFlattenNormalMap.uasset" 184
"../../../Engine/Content/EngineMaterials/BaseFlattenMaterial.uasset" 185
"../../../Engine/Content/EngineMaterials/BlueNoise.uasset" 186
"../../../Engine/Content/EngineMaterials/DefaultBloomKernel.uasset" 187
"../../../Engine/Content/EngineMaterials/DefaultBokeh.uasset" 188
"../../../Engine/Content/EngineMaterials/DefaultDiffuse.uasset" 189
"../../../Engine/Content/EngineMaterials/DefaultDeferredDecalMaterial.uasset" 190
"../../../Engine/Content/EngineMaterials/DefaultLightFunctionMaterial.uasset" 191
"../../../Engine/Content/EngineMaterials/DefaultPhysicalMaterial.uasset" 192
"../../../Engine/Content/Functions/Engine_MaterialFunctions02/Utility/BreakOutFloat2Components.uasset" 193
"../../../Engine/Content/EngineMaterials/DefaultPostProcessMaterial.uasset" 194
"../../../Engine/Content/EngineFonts/RobotoDistanceField.uasset" 195
"../../../Engine/Content/EngineMaterials/DefaultTextMaterialOpaque.uasset" 196
"../../../Engine/Content/EngineMaterials/DefaultVirtualTextureMaterial.uasset" 197
"../../../Engine/Content/EngineMaterials/DefaultWhiteGrid.uasset" 198
"../../../Engine/Content/EngineMaterials/DefaultWhiteGrid_Low.uasset" 199
"../../../Engine/Content/EngineMaterials/EmissiveMeshMaterial.uasset" 200
"../../../Engine/Content/EngineMaterials/GizmoMaterial.uasset" 201
"../../../Engine/Content/EngineMaterials/Good64x64TilingNoiseHighFreq.uasset" 202
"../../../Engine/Content/EngineMaterials/HairDefaultMaterial.uasset" 203
"../../../Engine/Content/EngineMaterials/MiniFont.uasset" 204
"../../../Engine/Content/EngineMaterials/InvalidLightmapSettings.uasset" 205
"../../../Engine/Content/EngineMaterials/M_InvalidLightmapSettings.uasset" 206
"../../../Engine/Content/Functions/Engine_MaterialFunctions02/WorldPositionOffset/CameraOffset.uasset" 207
"../../../Engine/Content/EngineMaterials/PhAT_JointLimitMaterial.uasset" 208
"../../../Engine/Content/EngineMaterials/PreintegratedSkinBRDF.uasset" 209
"../../../Engine/Content/EngineMaterials/RemoveSurfaceMaterial.uasset" 210
"../../../Engine/Content/EngineMaterials/WeightMapPlaceholderTexture.uasset" 211
"../../../Engine/Content/EngineResources/WhiteSquareTexture.uasset" 212
"../../../Engine/Content/EngineMaterials/Widget3DPassThrough.uasset" 213
"../../../Engine/Content/EngineMaterials/Widget3DPassThrough_Masked.uasset" 214
"../../../Engine/Content/EngineMaterials/Widget3DPassThrough_Opaque.uasset" 215
"../../../Engine/Content/EngineMaterials/Widget3DPassThrough_Masked_OneSided.uasset" 216
"../../../Engine/Content/EngineMaterials/Widget3DPassThrough_Opaque_OneSided.uasset" 217
"../../../Engine/Content/EngineMaterials/Widget3DPassThrough_Translucent.uasset" 218
"../../../Engine/Content/EngineMaterials/Widget3DPassThrough_Translucent_OneSided.uasset" 219
"../../../Engine/Content/EngineMeshes/Cylinder.uasset" 220
"../../../Engine/Content/EngineMeshes/Sphere.uasset" 221
"../../../Engine/Content/EngineResources/Black.uasset" 222
"../../../Engine/Content/EngineResources/DefaultTexture.uasset" 223
"../../../Engine/Content/EngineResources/DefaultTextureCube.uasset" 224
"../../../Engine/Content/EngineResources/DefaultVolumeTexture2D.uasset" 225
"../../../Engine/Content/EngineResources/DefaultVolumeTexture.uasset" 226
"../../../Engine/Content/EngineResources/GradientTexture0.uasset" 227
"../../../Engine/Content/EngineSounds/Master.uasset" 228
"../../../Engine/Content/Functions/Engine_MaterialFunctions01/Shading/ConvertFromDiffSpec.uasset" 229
"../../../Engine/Content/Functions/Engine_MaterialFunctions01/Shading/PowerToRoughness.uasset" 230
"../../../Engine/Content/Maps/Templates/Thumbnails/Default.uasset" 231
"../../../Engine/Content/Maps/Templates/Thumbnails/TimeOfDay.uasset" 232
"../../../Engine/Content/Maps/Templates/Thumbnails/VR-Basic.uasset" 233
"../../../Engine/Content/MobileResources/T_MobileControls_texture.uasset" 234
"../../../Engine/Content/MobileResources/T_MobileMenu2.uasset" 235
"../../../Engine/Content/MobileResources/HUD/AnalogHat.uasset" 236
"../../../Engine/Content/MobileResources/HUD/VirtualJoystick_Background.uasset" 237
"../../../Engine/Content/MobileResources/HUD/VirtualJoystick_Thumb.uasset" 238
"../../../Engine/Content/MobileResources/HUD/DefaultVirtualJoysticks.uasset" 239
"../../../Engine/Content/MobileResources/HUD/LeftVirtualJoystickOnly.uasset" 240
"../../../Engine/Content/MobileResources/HUD/MobileHUDButton1_off.uasset" 241
"../../../Engine/Content/MobileResources/HUD/MobileHUDButton1_on.uasset" 242
"../../../Engine/Content/MobileResources/HUD/MobileHUDButton2_off.uasset" 243
"../../../Engine/Content/MobileResources/HUD/MobileHUDButton2_on.uasset" 244
"../../../Engine/Content/MobileResources/HUD/MobileHUDButton3.uasset" 245
"../../../Engine/Content/MobileResources/HUD/MobileHUDButtonFire.uasset" 246
"../../../Engine/Content/MobileResources/HUD/MobileHUDDirectionPad.uasset" 247
"../../../Engine/Content/MobileResources/HUD/MobileHUDDirectionPad2.uasset" 248
"../../../Engine/Content/MobileResources/HUD/MobileHUDDirectionPad3.uasset" 249
"../../../Engine/Content/MobileResources/HUD/MobileHUDDirectionStick.uasset" 250
"../../../Engine/Content/MobileResources/HUD/T_Castle_ThumbstickInner.uasset" 251
"../../../Engine/Content/MobileResources/HUD/T_Castle_ThumbstickOutter.uasset" 252
"../../../Engine/Content/Tutorial/ContentIntroCurve.uasset" 253
"../../../Engine/Content/Tutorial/Basics/LevelEditorAttract.uasset" 254
"../../../Engine/Content/Tutorial/BlueprintTutorials/TutorialAssets/Blueprint_64x.uasset" 255
"../../../Engine/Content/Tutorial/BlueprintTutorials/BlueprintEditorTutorial.uasset" 256
"../../../Engine/Content/VREditor/LaserPointer/VR_LaserPower_01.uasset" 257
"../../../Engine/Content/VREditor/TransformGizmo/TransformGizmoMaterial.uasset" 258
"../../../Engine/Content/VREditor/TransformGizmo/TranslucentTransformGizmoMaterial.uasset" 259
"../../../Engine/Content/VREditor/TransformGizmo/BoundingBoxCorner.uasset" 260
"../../../Engine/Content/VREditor/TransformGizmo/BoundingBoxEdge.uasset" 261
"../../../Engine/Content/VREditor/TransformGizmo/PlaneTranslationHandle.uasset" 262
"../../../Engine/Content/VREditor/TransformGizmo/Main.uasset" 263
"../../../Engine/Content/VREditor/TransformGizmo/Xray.uasset" 264
"../../../Engine/Content/VREditor/TransformGizmo/SM_Sequencer_Key.uasset" 265
"../../../Engine/Content/VREditor/TransformGizmo/SM_Sequencer_Node.uasset" 266
"../../Plugins/2D/Paper2D/Content/DummySprite.uasset" 267
"../../Plugins/2D/Paper2D/Content/DefaultPaperTerrainMaterial.uasset" 268
"../../Plugins/2D/Paper2D/Content/MaskedUnlitSpriteMaterial.uasset" 269
"../../Plugins/2D/Paper2D/Content/OpaqueUnlitSpriteMaterial.uasset" 270
"../../../Engine/Content/Functions/Engine_MaterialFunctions02/Utility/BreakOutFloat4Components.uasset" 271
"../../../Engine/Content/Functions/Engine_MaterialFunctions02/Utility/MakeFloat2.uasset" 272
"../../../Engine/Content/Functions/Engine_MaterialFunctions02/Utility/MakeFloat3.uasset" 273
"../../Plugins/Runtime/Oculus/OculusVR/Content/Materials/OculusMR_ChromaKey.uasset" 274
"../../Plugins/Runtime/Oculus/OculusVR/Content/Materials/OculusMR_ChromaKey_Lit.uasset" 275
"../../Plugins/Runtime/Oculus/OculusVR/Content/Materials/OculusMR_OpaqueColoredMaterial.uasset" 276
"../../Plugins/Runtime/Oculus/OculusVR/Content/Materials/OculusMR_WhiteMaterial.uasset" 277
"../../../../Workspace/Unreal Projects/ProjectRUN/Content/LogicAndObjects/Blueprints/CameraSystem/BP_Camera.uasset" 278
"../../../../Workspace/Unreal Projects/ProjectRUN/Content/LogicAndObjects/Blueprints/CameraSystem/BP_CameraMonitor.uasset" 279
"../../../../Workspace/Unreal Projects/ProjectRUN/Content/LogicAndObjects/Blueprints/CameraSystem/BP_CameraMonitorHanged.uasset" 280
"../../../Engine/Content/Functions/Engine_MaterialFunctions02/Utility/BlendAngleCorrectedNormals.uasset" 281
"../../../Engine/Content/Functions/MaterialLayerFunctions/MatLayerBlend_NormalBlend.uasset" 282
"../../../Engine/Content/Functions/MaterialLayerFunctions/MatLayerBlend_Simple.uasset" 283
"../../../../Workspace/Unreal Projects/ProjectRUN/Content/Assets/Character/Materials/MaterialLayers/T_ML_Rubber_Blue_01_D.uasset" 284
"../../../../Workspace/Unreal Projects/ProjectRUN/Content/Assets/Character/Materials/MaterialLayers/T_ML_Rubber_Blue_01_N.uasset" 285
"../../../../Workspace/Unreal Projects/ProjectRUN/Content/Assets/Character/Materials/MaterialLayers/ML_GlossyBlack_Latex_UE4.uasset" 286
"../../../../Workspace/Unreal Projects/ProjectRUN/Content/Assets/Character/Materials/MaterialLayers/ML_Plastic_Shiny_Beige.uasset" 287
"../../../../Workspace/Unreal Projects/ProjectRUN/Content/Assets/Character/Materials/MaterialLayers/ML_Plastic_Shiny_Beige_LOGO.uasset" 288
"../../../../Workspace/Unreal Projects/ProjectRUN/Content/Assets/Character/Materials/MaterialLayers/T_ML_Aluminum01.uasset" 289
"../../../../Workspace/Unreal Projects/ProjectRUN/Content/Assets/Character/Materials/MaterialLayers/T_ML_Aluminum01_N.uasset" 290
"../../../../Workspace/Unreal Projects/ProjectRUN/Content/Assets/Character/Materials/MaterialLayers/ML_SoftMetal_UE4.uasset" 291
"../../../../Workspace/Unreal Projects/ProjectRUN/Content/Assets/Character/Textures/UE4_Mannequin__normals.uasset" 292
"../../../../Workspace/Unreal Projects/ProjectRUN/Content/Assets/Character/Textures/UE4_Mannequin_MAT_MASKA.uasset" 293
"../../../../Workspace/Unreal Projects/ProjectRUN/Content/Assets/Character/Materials/M_UE4Man_Body.uasset" 294
"../../../../Workspace/Unreal Projects/ProjectRUN/Content/Assets/Character/Mesh/SK_Mannequin_Arms_PhysicsAsset.uasset" 295
"../../../../Workspace/Unreal Projects/ProjectRUN/Content/Assets/Character/Mesh/SK_Mannequin_Arms.uasset" 296
"../../../../Workspace/Unreal Projects/ProjectRUN/Content/Assets/FPWeapon/Materials/MaterialLayers/T_ML_Rubber_Blue_01_D.uasset" 297
"../../../../Workspace/Unreal Projects/ProjectRUN/Content/Assets/FPWeapon/Materials/MaterialLayers/T_ML_Rubber_Blue_01_N.uasset" 298
"../../../../Workspace/Unreal Projects/ProjectRUN/Content/Assets/FPWeapon/Materials/MaterialLayers/ML_GlossyBlack_Latex_UE4.uasset" 299
"../../../../Workspace/Unreal Projects/ProjectRUN/Content/Assets/FPWeapon/Materials/MaterialLayers/ML_Plastic_Shiny_Beige.uasset" 300
"../../../../Workspace/Unreal Projects/ProjectRUN/Content/Assets/FPWeapon/Materials/MaterialLayers/ML_Screen.uasset" 301
"../../../../Workspace/Unreal Projects/ProjectRUN/Content/Assets/FPWeapon/Materials/MaterialLayers/T_ML_Aluminum01.uasset" 302
"../../../../Workspace/Unreal Projects/ProjectRUN/Content/Assets/FPWeapon/Materials/MaterialLayers/T_ML_Aluminum01_N.uasset" 303
"../../../../Workspace/Unreal Projects/ProjectRUN/Content/Assets/FPWeapon/Materials/MaterialLayers/ML_SoftMetal_UE4.uasset" 304
"../../../../Workspace/Unreal Projects/ProjectRUN/Content/Assets/FPWeapon/Textures/T_FPGun_M.uasset" 305
"../../../../Workspace/Unreal Projects/ProjectRUN/Content/Assets/FPWeapon/Textures/T_FPGun_N.uasset" 306
"../../../../Workspace/Unreal Projects/ProjectRUN/Content/Assets/FPWeapon/Materials/M_FPGun.uasset" 307
"../../../../Workspace/Unreal Projects/ProjectRUN/Content/Assets/FPWeapon/Mesh/SK_FPGun_Skeleton.uasset" 308
"../../../../Workspace/Unreal Projects/ProjectRUN/Content/Assets/FPWeapon/Mesh/SK_FPGun.uasset" 309
"../../../../Workspace/Unreal Projects/ProjectRUN/Content/LogicAndObjects/Blueprints/FirstPersonCharacter.uasset" 310
"../../../../Workspace/Unreal Projects/ProjectRUN/Content/Assets/Textures/FirstPersonCrosshair.uasset" 311
"../../../../Workspace/Unreal Projects/ProjectRUN/Content/LogicAndObjects/Blueprints/FirstPersonHUD.uasset" 312
"../../../../Workspace/Unreal Projects/ProjectRUN/Content/LogicAndObjects/Blueprints/FirstPersonGameMode.uasset" 313
"../../../../Workspace/Unreal Projects/ProjectRUN/Content/LogicAndObjects/Blueprints/Global/RUNGameMode.uasset" 314
"../../../../Workspace/Unreal Projects/ProjectRUN/Content/LogicAndObjects/Blueprints/TestWorldObjects/LevelTransition/TestLevel_BuiltData.uasset" 315
"../../../Engine/Content/Functions/Engine_MaterialFunctions02/Fresnel_Function.uasset" 316
"../../../../Workspace/Unreal Projects/ProjectRUN/Content/Assets/Materials/MAT_Glass.uasset" 317
"../../../../Workspace/Unreal Projects/ProjectRUN/Content/Assets/Materials/MAT_BeerGlass.uasset" 318
"../../../../Workspace/Unreal Projects/ProjectRUN/Content/Assets/Materials/MAT_GlowBlue.uasset" 319
"../../../../Workspace/Unreal Projects/ProjectRUN/Content/Assets/Materials/MAT_GlowGreen.uasset" 320
"../../../../Workspace/Unreal Projects/ProjectRUN/Content/Assets/Materials/MAT_GuinessColor.uasset" 321
"../../../../Workspace/Unreal Projects/ProjectRUN/Content/Assets/Materials/MAT_Red.uasset" 322
"../../../../Workspace/Unreal Projects/ProjectRUN/Content/Assets/Materials/TestLevel/MAT_Floor.uasset" 323
"../../../../Workspace/Unreal Projects/ProjectRUN/Content/Assets/Materials/TestLevel/MAT_Roof.uasset" 324
"../../../../Workspace/Unreal Projects/ProjectRUN/Content/Assets/Materials/TestLevel/MAT_TexturedFloor.uasset" 325
"../../../../Workspace/Unreal Projects/ProjectRUN/Content/Assets/Materials/TestLevel/MAT_Walls.uasset" 326
"../../../Engine/Content/MapTemplates/SM_Template_Map_Floor.uasset" 327
"../../../../Workspace/Unreal Projects/ProjectRUN/Content/Assets/Models/TestChair/Honey_mat.uasset" 328
"../../../../Workspace/Unreal Projects/ProjectRUN/Content/Assets/Models/TestChair/TestChair.uasset" 329
"../../../../Workspace/Unreal Projects/ProjectRUN/Content/LogicAndObjects/Blueprints/CameraSystem/CameraTextureTargets/TestLevelCameras/T_EntranceRender.uasset" 330
"../../../../Workspace/Unreal Projects/ProjectRUN/Content/LogicAndObjects/Blueprints/CameraSystem/CameraTextureTargets/TestLevelCameras/T_ShowcaseRoomRender.uasset" 331
"../../../../Workspace/Unreal Projects/ProjectRUN/Content/LogicAndObjects/Blueprints/TestWorldObjects/LevelTransition/TestLevel.umap" 332
"../../../Engine/Content/EngineSky/C_Sky_Cloud_Color.uasset" 333
"../../../Engine/Content/EngineSky/C_Sky_Horizon_Color.uasset" 334
"../../../Engine/Content/EngineSky/C_Sky_Zenith_Color.uasset" 335
"../../../Engine/Content/EngineSky/T_Sky_Blue.uasset" 336
"../../../Engine/Content/EngineSky/T_Sky_Clouds_M.uasset" 337
"../../../Engine/Content/EngineSky/T_Sky_Stars.uasset" 338
"../../../Engine/Content/EngineSky/M_Sky_Panning_Clouds2.uasset" 339
"../../../Engine/Content/EngineSky/SM_SkySphere.uasset" 340
"../../../Engine/Content/EngineSky/BP_Sky_Sphere.uasset" 341
"../../../../Workspace/Unreal Projects/ProjectRUN/Content/LogicAndObjects/Levels/Lobby_BuiltData.uasset" 342
"../../../../Workspace/Unreal Projects/ProjectRUN/Content/LogicAndObjects/Levels/Lobby.umap" 343
"../../../../Workspace/Unreal Projects/ProjectRUN/Content/Assets/Models/Guard/Sitting_Idle_Skeleton.uasset" 344
"../../../../Workspace/Unreal Projects/ProjectRUN/Content/Assets/Models/Guard/Sitting_Idle_Anim.uasset" 345
"../../../../Workspace/Unreal Projects/ProjectRUN/Content/Assets/Materials/MAT_LaserColor.uasset" 346
"../../../../Workspace/Unreal Projects/ProjectRUN/Content/Assets/Models/LaserLevel/LaserBeam.uasset" 347
"../../../../Workspace/Unreal Projects/ProjectRUN/Content/Assets/Models/LaserLevel/LaserActor.uasset" 348
"../../../../Workspace/Unreal Projects/ProjectRUN/Content/LogicAndObjects/Blueprints/BPTEST_CheckerGuy.uasset" 349
"../../../Engine/Content/EditorBlueprintResources/ActorMacros.uasset" 350
"../../../../Workspace/Unreal Projects/ProjectRUN/Content/Assets/Models/BeerMug/17131_Beer_Wagon_Mug_V2Mat.uasset" 351
"../../../../Workspace/Unreal Projects/ProjectRUN/Content/Assets/Models/BeerMug/BeerMug.uasset" 352
"../../../../Workspace/Unreal Projects/ProjectRUN/Content/LogicAndObjects/Blueprints/TestWorldObjects/BP_BeerGlass_Grabbable_Networked.uasset" 353
"../../../../Workspace/Unreal Projects/ProjectRUN/Content/LogicAndObjects/Blueprints/TestWorldObjects/BP_BeerGlass_Grabbable.uasset" 354
"../../../../Workspace/Unreal Projects/ProjectRUN/Content/Assets/Audio/SFX/SFX_button.uasset" 355
"../../../../Workspace/Unreal Projects/ProjectRUN/Content/LogicAndObjects/Blueprints/TestWorldObjects/BP_Button.uasset" 356
"../../../../Workspace/Unreal Projects/ProjectRUN/Content/Assets/Materials/MAT_Gold.uasset" 357
"../../../../Workspace/Unreal Projects/ProjectRUN/Content/Assets/Models/Manequin/defaultMat.uasset" 358
"../../../../Workspace/Unreal Projects/ProjectRUN/Content/Assets/Models/Manequin/free3Dmodel.uasset" 359
"../../../../Workspace/Unreal Projects/ProjectRUN/Content/LogicAndObjects/Blueprints/TestWorldObjects/LVL_Bar/BP_BarUndergroundStand.uasset" 360
"../../../../Workspace/Unreal Projects/ProjectRUN/Content/Assets/Models/BarCarcas/Material.uasset" 361
"../../../../Workspace/Unreal Projects/ProjectRUN/Content/Assets/Models/BarCarcas/FloorTemplate_Cube.uasset" 362
"../../../../Workspace/Unreal Projects/ProjectRUN/Content/Assets/Models/BarCarcas/Material_001.uasset" 363
"../../../../Workspace/Unreal Projects/ProjectRUN/Content/Assets/Models/BarCarcas/FloorTemplate_Cube_001.uasset" 364
"../../../../Workspace/Unreal Projects/ProjectRUN/Content/LogicAndObjects/Blueprints/TestWorldObjects/LVL_Bar/BP_Crack.uasset" 365
"../../../../Workspace/Unreal Projects/ProjectRUN/Content/LogicAndObjects/Blueprints/TestWorldObjects/LVL_Bar/BPW_TimerSlide.uasset" 366
"../../../../Workspace/Unreal Projects/ProjectRUN/Content/LogicAndObjects/Blueprints/TestWorldObjects/LVL_Bar/BP_Timer.uasset" 367
"../../../../Workspace/Unreal Projects/ProjectRUN/Content/LogicAndObjects/Levels/LVL_Bar_BuiltData.uasset" 368
"../../../../Workspace/Unreal Projects/ProjectRUN/Content/Assets/Materials/MAT_BeerColor.uasset" 369
"../../../../Workspace/Unreal Projects/ProjectRUN/Content/Assets/Materials/MAT_Underground.uasset" 370
"../../../Engine/Content/Functions/Engine_MaterialFunctions02/SplitComponents.uasset" 371
"../../../Engine/Content/Functions/Engine_MaterialFunctions02/Utility/VectorLength.uasset" 372
"../../../../Workspace/Unreal Projects/ProjectRUN/Content/Assets/Materials/Outline/MF_ConvolveTexture.uasset" 373
"../../../../Workspace/Unreal Projects/ProjectRUN/Content/Assets/Materials/Outline/MF_ExtractDepth.uasset" 374
"../../../../Workspace/Unreal Projects/ProjectRUN/Content/Assets/Materials/Outline/MF_SampleSceneTextureNeighbourUVs.uasset" 375
"../../../../Workspace/Unreal Projects/ProjectRUN/Content/Assets/Materials/Outline/PP_Outliner_M.uasset" 376
"../../../../Workspace/Unreal Projects/ProjectRUN/Content/Assets/Materials/Outline/PP_Outliner_Inst.uasset" 377
"../../../../Workspace/Unreal Projects/ProjectRUN/Content/Assets/Audio/bgmusicplaceholder.uasset" 378
"../../../../Workspace/Unreal Projects/ProjectRUN/Content/Assets/Audio/bgmusicplaceholder_Cue.uasset" 379
"../../../../Workspace/Unreal Projects/ProjectRUN/Content/Assets/Imported/Images/20200106_125047_Sprite.uasset" 380
"../../../../Workspace/Unreal Projects/ProjectRUN/Content/Assets/Imported/Images/image0_Sprite.uasset" 381
"../../../../Workspace/Unreal Projects/ProjectRUN/Content/Assets/Imported/Images/unknown__1__Sprite.uasset" 382
"../../../../Workspace/Unreal Projects/ProjectRUN/Content/Assets/Imported/Images/Untitled_Sprite.uasset" 383
"../../../../Workspace/Unreal Projects/ProjectRUN/Content/Assets/Imported/Objects/be.uasset" 384
"../../../../Workspace/Unreal Projects/ProjectRUN/Content/Assets/Imported/Objects/names.uasset" 385
"../../../../Workspace/Unreal Projects/ProjectRUN/Content/Assets/Imported/Objects/NoGirlsAllowed.uasset" 386
"../../../../Workspace/Unreal Projects/ProjectRUN/Content/Assets/Materials/Piano/M_Key_Black.uasset" 387
"../../../../Workspace/Unreal Projects/ProjectRUN/Content/Assets/Materials/Piano/M_Key_White.uasset" 388
"../../../../Workspace/Unreal Projects/ProjectRUN/Content/Assets/Materials/Piano/M_Pedal.uasset" 389
"../../../../Workspace/Unreal Projects/ProjectRUN/Content/Assets/Materials/Piano/M_PianoBody.uasset" 390
"../../../../Workspace/Unreal Projects/ProjectRUN/Content/Assets/Materials/Piano/M_Plastic.uasset" 391
"../../../../Workspace/Unreal Projects/ProjectRUN/Content/Assets/Imported/Objects/Piano.uasset" 392
"../../../../Workspace/Unreal Projects/ProjectRUN/Content/Assets/Imported/Objects/tw.uasset" 393
"../../../../Workspace/Unreal Projects/ProjectRUN/Content/Assets/Models/BarCarcas/Material_002.uasset" 394
"../../../../Workspace/Unreal Projects/ProjectRUN/Content/Assets/Models/BarCarcas/FloorTemplate_Cube_002.uasset" 395
"../../../../Workspace/Unreal Projects/ProjectRUN/Content/Assets/Models/BarCarcas/Material_007.uasset" 396
"../../../../Workspace/Unreal Projects/ProjectRUN/Content/Assets/Models/BarCarcas/FloorTemplate_Cube_004.uasset" 397
"../../../../Workspace/Unreal Projects/ProjectRUN/Content/Assets/Models/Barrel/Barrel.uasset" 398
"../../../../Workspace/Unreal Projects/ProjectRUN/Content/Assets/Models/BarUnderground/Material_011.uasset" 399
"../../../../Workspace/Unreal Projects/ProjectRUN/Content/Assets/Models/BarUnderground/CaveTemplateMapUV_Cube_008.uasset" 400
"../../../../Workspace/Unreal Projects/ProjectRUN/Content/Assets/Models/BarUnderground/Material_012.uasset" 401
"../../../../Workspace/Unreal Projects/ProjectRUN/Content/Assets/Models/BarUnderground/CaveTemplateMapUV_Cube_009.uasset" 402
"../../../../Workspace/Unreal Projects/ProjectRUN/Content/Assets/Models/BarUnderground/Material_015.uasset" 403
"../../../../Workspace/Unreal Projects/ProjectRUN/Content/Assets/Models/BarUnderground/CaveTemplateMapUV_Cube_010.uasset" 404
"../../../../Workspace/Unreal Projects/ProjectRUN/Content/Assets/Models/BarUnderground/Material_016.uasset" 405
"../../../../Workspace/Unreal Projects/ProjectRUN/Content/Assets/Models/BarUnderground/CaveTemplateMapUV_Cube_011.uasset" 406
"../../../../Workspace/Unreal Projects/ProjectRUN/Content/Assets/Models/BarUnderground/Material_010.uasset" 407
"../../../../Workspace/Unreal Projects/ProjectRUN/Content/Assets/Models/BarUnderground/CaveTemplateMapUV_Cube_012.uasset" 408
"../../../../Workspace/Unreal Projects/ProjectRUN/Content/Assets/Models/Guard/Guard_03__diffuse.uasset" 409
"../../../../Workspace/Unreal Projects/ProjectRUN/Content/Assets/Models/Guard/Guard_03__normal.uasset" 410
"../../../../Workspace/Unreal Projects/ProjectRUN/Content/Assets/Models/Guard/Guard_03__specular.uasset" 411
"../../../../Workspace/Unreal Projects/ProjectRUN/Content/Assets/Models/Guard/Guard_03.uasset" 412
"../../../../Workspace/Unreal Projects/ProjectRUN/Content/Assets/Models/Guard/Sitting_Idle_PhysicsAsset.uasset" 413
"../../../../Workspace/Unreal Projects/ProjectRUN/Content/Assets/Models/Guard/Sitting_Idle.uasset" 414
"../../../../Workspace/Unreal Projects/ProjectRUN/Content/Assets/Models/Stairs.uasset" 415
"../../../../Workspace/Unreal Projects/ProjectRUN/Content/Assets/Models/Table/Table.uasset" 416
"../../../../Workspace/Unreal Projects/ProjectRUN/Content/Assets/Models/TestChair/GreenTestChair.uasset" 417
"../../../../Workspace/Unreal Projects/ProjectRUN/Content/LogicAndObjects/Blueprints/CameraSystem/CameraTextureTargets/MAT_CameraRender2D_Bar.uasset" 418
"../../../../Workspace/Unreal Projects/ProjectRUN/Content/LogicAndObjects/Levels/LevelSketches/LVL_Bar_Sprite.uasset" 419
"../../../../Workspace/Unreal Projects/ProjectRUN/Content/LogicAndObjects/Levels/LVL_Bar.umap" 420
"../../../../Workspace/Unreal Projects/ProjectRUN/Content/Assets/Models/BarGirl/Bar_bae_Skeleton.uasset" 421
"../../../../Workspace/Unreal Projects/ProjectRUN/Content/Assets/Models/BarGirl/Bboy_Uprock.uasset" 422
"../../../../Workspace/Unreal Projects/ProjectRUN/Content/Assets/Models/BarGirl/Hip_Hop_Dancing.uasset" 423
"../../../../Workspace/Unreal Projects/ProjectRUN/Content/Assets/Materials/MAT_LaserBeam.uasset" 424
"../../../../Workspace/Unreal Projects/ProjectRUN/Content/Assets/Particles/PS_LaserBeam.uasset" 425
"../../../../Workspace/Unreal Projects/ProjectRUN/Content/LogicAndObjects/Blueprints/TestWorldObjects/LVL_LaserBeam/BP_LaserBeamEmmitter.uasset" 426
"../../../../Workspace/Unreal Projects/ProjectRUN/Content/LogicAndObjects/Levels/LVL_LaserRoom_BuiltData.uasset" 427
"../../../../Workspace/Unreal Projects/ProjectRUN/Content/Assets/Models/BarGirl/fedora_normal.uasset" 428
"../../../../Workspace/Unreal Projects/ProjectRUN/Content/Assets/Models/BarGirl/fedora_texture.uasset" 429
"../../../../Workspace/Unreal Projects/ProjectRUN/Content/Assets/Models/BarGirl/fedora_cocked.uasset" 430
"../../../../Workspace/Unreal Projects/ProjectRUN/Content/Assets/Models/BarGirl/middleage_lightskinned_female_diffuse2.uasset" 431
"../../../../Workspace/Unreal Projects/ProjectRUN/Content/Assets/Models/BarGirl/female_generic.uasset" 432
"../../../../Workspace/Unreal Projects/ProjectRUN/Content/Assets/Models/BarGirl/female_sportsuit01_diffuse.uasset" 433
"../../../../Workspace/Unreal Projects/ProjectRUN/Content/Assets/Models/BarGirl/female_sportsuit01_normal.uasset" 434
"../../../../Workspace/Unreal Projects/ProjectRUN/Content/Assets/Models/BarGirl/female_sportsuit01.uasset" 435
"../../../../Workspace/Unreal Projects/ProjectRUN/Content/Assets/Models/BarGirl/ice_eye.uasset" 436
"../../../../Workspace/Unreal Projects/ProjectRUN/Content/Assets/Models/BarGirl/high-poly.uasset" 437
"../../../../Workspace/Unreal Projects/ProjectRUN/Content/Assets/Models/BarGirl/shoes05_diffuse.uasset" 438
"../../../../Workspace/Unreal Projects/ProjectRUN/Content/Assets/Models/BarGirl/shoes05.uasset" 439
"../../../../Workspace/Unreal Projects/ProjectRUN/Content/Assets/Models/BarGirl/short04_diffuse.uasset" 440
"../../../../Workspace/Unreal Projects/ProjectRUN/Content/Assets/Models/BarGirl/short04.uasset" 441
"../../../../Workspace/Unreal Projects/ProjectRUN/Content/Assets/Models/BarGirl/Bar_bae_PhysicsAsset.uasset" 442
"../../../../Workspace/Unreal Projects/ProjectRUN/Content/Assets/Models/BarGirl/Bar_bae.uasset" 443
"../../../../Workspace/Unreal Projects/ProjectRUN/Content/LogicAndObjects/Levels/LVL_LaserRoom.umap" 444
"../../../../Workspace/Unreal Projects/ProjectRUN/Content/LogicAndObjects/Levels/LVL_ThreeWayRoomTest_BuiltData.uasset" 445
"../../../../Workspace/Unreal Projects/ProjectRUN/Content/LogicAndObjects/Levels/LVL_ThreeWayRoomTest.umap" 446
"../../../../Workspace/Unreal Projects/ProjectRUN/Content/Assets/Imported/Images/run.uasset" 447
"../../../../Workspace/Unreal Projects/ProjectRUN/Content/LogicAndObjects/Blueprints/Widgets/BPW_MenuHost.uasset" 448
"../../../../Workspace/Unreal Projects/ProjectRUN/Content/LogicAndObjects/Blueprints/Widgets/BPW_ServerButton.uasset" 449
"../../../../Workspace/Unreal Projects/ProjectRUN/Content/LogicAndObjects/Blueprints/Widgets/BPW_MenuJoin.uasset" 450
"../../../../Workspace/Unreal Projects/ProjectRUN/Content/LogicAndObjects/Blueprints/Widgets/BPW_MenuMain.uasset" 451
"../../../../Workspace/Unreal Projects/ProjectRUN/Content/LogicAndObjects/Blueprints/Global/BP_GameInstance.uasset" 452
"../../../../Workspace/Unreal Projects/ProjectRUN/Content/LogicAndObjects/Levels/MenuMap_BuiltData.uasset" 453
"../../../../Workspace/Unreal Projects/ProjectRUN/Content/LogicAndObjects/Levels/MenuMap.umap" 454
"../../../../Workspace/Unreal Projects/ProjectRUN/Content/LogicAndObjects/Blueprints/_MANAGEMENT/BP_TaskBox.uasset" 455
"../../../Engine/Content/Functions/Engine_MaterialFunctions03/Procedurals/ComputeFilterWidth.uasset" 456
"../../../Engine/Content/EngineMaterials/AntiAliasedTextMaterialTranslucent.uasset" 457
"../../../../Workspace/Unreal Projects/ProjectRUN/Content/Assets/Materials/Character/Character_Mat2.uasset" 458
"../../../../Workspace/Unreal Projects/ProjectRUN/Content/Assets/Materials/Character/Character_Mat3.uasset" 459
"../../../../Workspace/Unreal Projects/ProjectRUN/Content/Assets/Materials/Character/Character_Mat4.uasset" 460
"../../../../Workspace/Unreal Projects/ProjectRUN/Content/Assets/Geometry/Meshes/1M_Cube.uasset" 461
"../../../../Workspace/Unreal Projects/ProjectRUN/Content/LogicAndObjects/Blueprints/CameraSystem/CameraTextureTargets/MAT_CameraRender2D_2.uasset" 462
"../../../../Workspace/Unreal Projects/ProjectRUN/Content/LogicAndObjects/Levels/Online.umap" 463
"../../../Engine/Content/Maps/Entry_BuiltData.uasset" 464
"../../../Engine/Content/Maps/Entry.umap" 465
